0 info it worked if it ends with ok
1 verbose cli [ '/usr/local/bin/node',
1 verbose cli   '/usr/local/bin/npm',
1 verbose cli   'run',
1 verbose cli   'compile-sass' ]
2 info using npm@3.7.3
3 info using node@v5.9.0
4 verbose run-script [ 'precompile-sass', 'compile-sass', 'postcompile-sass' ]
5 info lifecycle calender@0.0.1~precompile-sass: calender@0.0.1
6 silly lifecycle calender@0.0.1~precompile-sass: no script for precompile-sass, continuing
7 info lifecycle calender@0.0.1~compile-sass: calender@0.0.1
8 verbose lifecycle calender@0.0.1~compile-sass: unsafe-perm in lifecycle true
9 verbose lifecycle calender@0.0.1~compile-sass: PATH: /usr/local/lib/node_modules/npm/bin/node-gyp-bin:/Users/amatelic/Projects/projects/calender/node_modules/.bin:/usr/local/bin:/usr/local/bin:/usr/bin:/bin:/usr/sbin:/sbin:/Users/amatelic/.rvm/bin:/Users/amatelic/.rvm/bin:/usr/local/sbin
10 verbose lifecycle calender@0.0.1~compile-sass: CWD: /Users/amatelic/Projects/projects/calender
11 silly lifecycle calender@0.0.1~compile-sass: Args: [ '-c', 'compass watch' ]
12 info lifecycle calender@0.0.1~compile-sass: Failed to exec compile-sass script
13 verbose stack Error: calender@0.0.1 compile-sass: `compass watch`
13 verbose stack spawn ENOENT
13 verbose stack     at ChildProcess.<anonymous> (/usr/local/lib/node_modules/npm/lib/utils/spawn.js:17:16)
13 verbose stack     at emitTwo (events.js:100:13)
13 verbose stack     at ChildProcess.emit (events.js:185:7)
13 verbose stack     at maybeClose (internal/child_process.js:850:16)
13 verbose stack     at Process.ChildProcess._handle.onexit (internal/child_process.js:215:5)
14 verbose pkgid calender@0.0.1
15 verbose cwd /Users/amatelic/Projects/projects/calender
16 error Darwin 15.4.0
17 error argv "/usr/local/bin/node" "/usr/local/bin/npm" "run" "compile-sass"
18 error node v5.9.0
19 error npm  v3.7.3
20 error file sh
21 error code ELIFECYCLE
22 error errno ENOENT
23 error syscall spawn
24 error calender@0.0.1 compile-sass: `compass watch`
24 error spawn ENOENT
25 error Failed at the calender@0.0.1 compile-sass script 'compass watch'.
25 error Make sure you have the latest version of node.js and npm installed.
25 error If you do, this is most likely a problem with the calender package,
25 error not with npm itself.
25 error Tell the author that this fails on your system:
25 error     compass watch
25 error You can get information on how to open an issue for this project with:
25 error     npm bugs calender
25 error Or if that isn't available, you can get their info via:
25 error     npm owner ls calender
25 error There is likely additional logging output above.
26 verbose exit [ 1, true ]
